<?xml version="1.0" encoding="UTF-8"?>
<!-- Generated by org.testng.reporters.JUnitReportReporter -->
<testsuite skipped="0" hostname="dsk-dipak" name="com.unify.testPages.CreateOrganisationTest" tests="1" failures="0" timestamp="17 Jul 2019 06:12:48 GMT" time="133.229" errors="0">
  <testcase name="veriyAddOrganisation" time="133.229" classname="com.unify.testPages.CreateOrganisationTest"/>
</testsuite> <!-- com.unify.testPages.CreateOrganisationTest -->
